110110 15:28:33  InnoDB: Database was not shut down normally!
InnoDB: Starting crash recovery.
InnoDB: Reading tablespace information from the .ibd files...
InnoDB: Restoring possible half-written data pages from the doublewrite
InnoDB: buffer...
110110 15:28:33  InnoDB: Starting log scan based on checkpoint at
InnoDB: log sequence number 0 270256.
InnoDB: Doing recovery: scanned up to log sequence number 0 270256
110110 15:28:33  InnoDB: Started; log sequence number 0 270256
110110 15:28:34 [Note] mysqld: ready for connections.
Version: '5.0.22-community'  socket: ''  port: 3306  MySQL Community Edition (GPL)
110111 12:11:16  InnoDB: Database was not shut down normally!
InnoDB: Starting crash recovery.
InnoDB: Reading tablespace information from the .ibd files...
InnoDB: Restoring possible half-written data pages from the doublewrite
InnoDB: buffer...
110111 12:11:16  InnoDB: Starting log scan based on checkpoint at
InnoDB: log sequence number 0 270256.
InnoDB: Doing recovery: scanned up to log sequence number 0 270256
110111 12:11:16  InnoDB: Started; log sequence number 0 270256
110111 12:11:17 [Note] mysqld: ready for connections.
Version: '5.0.22-community'  socket: ''  port: 3306  MySQL Community Edition (GPL)
110111 13:13:53  InnoDB: Database was not shut down normally!
InnoDB: Starting crash recovery.
InnoDB: Reading tablespace information from the .ibd files...
InnoDB: Restoring possible half-written data pages from the doublewrite
InnoDB: buffer...
110111 13:13:54  InnoDB: Starting log scan based on checkpoint at
InnoDB: log sequence number 0 270266.
InnoDB: Doing recovery: scanned up to log sequence number 0 270266
110111 13:13:54  InnoDB: Started; log sequence number 0 270266
110111 13:13:54 [Note] mysqld: ready for connections.
Version: '5.0.22-community'  socket: ''  port: 3306  MySQL Community Edition (GPL)
110111 14:25:40  InnoDB: Database was not shut down normally!
InnoDB: Starting crash recovery.
InnoDB: Reading tablespace information from the .ibd files...
InnoDB: Restoring possible half-written data pages from the doublewrite
InnoDB: buffer...
110111 14:25:40  InnoDB: Starting log scan based on checkpoint at
InnoDB: log sequence number 0 270276.
InnoDB: Doing recovery: scanned up to log sequence number 0 270276
110111 14:25:40  InnoDB: Started; log sequence number 0 270276
110111 14:25:40 [Note] C:\Users\falze01\FHDW 4.Semester\PSE II\Workspace-Buchclub\Git\Buchclub\mysqlDB\bin\mysqld.exe: ready for connections.
Version: '5.0.22-community'  socket: ''  port: 3306  MySQL Community Edition (GPL)
110113 11:04:28  InnoDB: Database was not shut down normally!
InnoDB: Starting crash recovery.
InnoDB: Reading tablespace information from the .ibd files...
InnoDB: Restoring possible half-written data pages from the doublewrite
InnoDB: buffer...
110113 11:04:28  InnoDB: Starting log scan based on checkpoint at
InnoDB: log sequence number 0 322949.
InnoDB: Doing recovery: scanned up to log sequence number 0 322949
110113 11:04:28  InnoDB: Started; log sequence number 0 322949
110113 11:04:29 [Note] mysqld: ready for connections.
Version: '5.0.22-community'  socket: ''  port: 3306  MySQL Community Edition (GPL)
110113 13:37:00  InnoDB: Database was not shut down normally!
InnoDB: Starting crash recovery.
InnoDB: Reading tablespace information from the .ibd files...
InnoDB: Restoring possible half-written data pages from the doublewrite
InnoDB: buffer...
110113 13:37:00  InnoDB: Starting log scan based on checkpoint at
InnoDB: log sequence number 0 322998.
InnoDB: Doing recovery: scanned up to log sequence number 0 322998
110113 13:37:00  InnoDB: Started; log sequence number 0 322998
110113 13:37:00 [Note] C:\Users\falze01\FHDW 4.Semester\PSE II\Workspace-Buchclub\Git\BuchclubNeu\mysqlDB\bin\mysqld.exe: ready for connections.
Version: '5.0.22-community'  socket: ''  port: 3306  MySQL Community Edition (GPL)
110118 20:34:46  InnoDB: Database was not shut down normally!
InnoDB: Starting crash recovery.
InnoDB: Reading tablespace information from the .ibd files...
InnoDB: Restoring possible half-written data pages from the doublewrite
InnoDB: buffer...
110118 20:34:46  InnoDB: Starting log scan based on checkpoint at
InnoDB: log sequence number 0 323008.
InnoDB: Doing recovery: scanned up to log sequence number 0 323008
110118 20:34:46  InnoDB: Started; log sequence number 0 323008
110118 20:34:47 [Note] C:\Users\falze01\FHDW 4.Semester\PSE II\Workspace-Buchclub\Git\BuchclubNeu\mysqlDB\bin\mysqld.exe: ready for connections.
Version: '5.0.22-community'  socket: ''  port: 3306  MySQL Community Edition (GPL)
110119 10:16:08  InnoDB: Database was not shut down normally!
InnoDB: Starting crash recovery.
InnoDB: Reading tablespace information from the .ibd files...
InnoDB: Restoring possible half-written data pages from the doublewrite
InnoDB: buffer...
110119 10:16:09  InnoDB: Starting log scan based on checkpoint at
InnoDB: log sequence number 0 323008.
InnoDB: Doing recovery: scanned up to log sequence number 0 323008
110119 10:16:09  InnoDB: Started; log sequence number 0 323008
110119 10:16:10 [Note] C:\Users\falze01\FHDW 4.Semester\PSE II\Workspace-Buchclub\Git\BuchclubNeu\mysqlDB\bin\mysqld.exe: ready for connections.
Version: '5.0.22-community'  socket: ''  port: 3306  MySQL Community Edition (GPL)
110119 11:11:40  InnoDB: Database was not shut down normally!
InnoDB: Starting crash recovery.
InnoDB: Reading tablespace information from the .ibd files...
InnoDB: Restoring possible half-written data pages from the doublewrite
InnoDB: buffer...
110119 11:11:40  InnoDB: Starting log scan based on checkpoint at
InnoDB: log sequence number 0 323018.
InnoDB: Doing recovery: scanned up to log sequence number 0 323018
110119 11:11:40  InnoDB: Started; log sequence number 0 323018
110119 11:11:41 [Note] C:\Users\falze01\FHDW 4.Semester\PSE II\Workspace-Buchclub\Git\BuchclubNeu\mysqlDB\bin\mysqld.exe: ready for connections.
Version: '5.0.22-community'  socket: ''  port: 3306  MySQL Community Edition (GPL)
