110116 14:32:34  InnoDB: Database was not shut down normally!
InnoDB: Starting crash recovery.
InnoDB: Reading tablespace information from the .ibd files...
InnoDB: Restoring possible half-written data pages from the doublewrite
InnoDB: buffer...
110116 14:32:34  InnoDB: Starting log scan based on checkpoint at
InnoDB: log sequence number 0 323008.
InnoDB: Doing recovery: scanned up to log sequence number 0 323008
110116 14:32:34  InnoDB: Started; log sequence number 0 323008
110116 14:32:35 [Note] mysqld: ready for connections.
Version: '5.0.22-community'  socket: ''  port: 3306  MySQL Community Edition (GPL)
110116 14:35:43  InnoDB: Operating system error number 32 in a file operation.
InnoDB: Some operating system error numbers are described at
InnoDB: http://dev.mysql.com/doc/mysql/en/Operating_System_error_codes.html
InnoDB: File name .\ibdata1
InnoDB: File operation call: 'open'.
InnoDB: Cannot continue operation.
110116 14:35:51  InnoDB: Operating system error number 32 in a file operation.
InnoDB: Some operating system error numbers are described at
InnoDB: http://dev.mysql.com/doc/mysql/en/Operating_System_error_codes.html
InnoDB: File name .\ibdata1
InnoDB: File operation call: 'open'.
InnoDB: Cannot continue operation.
110118 11:57:15  InnoDB: Database was not shut down normally!
InnoDB: Starting crash recovery.
InnoDB: Reading tablespace information from the .ibd files...
InnoDB: Restoring possible half-written data pages from the doublewrite
InnoDB: buffer...
110118 11:57:15  InnoDB: Starting log scan based on checkpoint at
InnoDB: log sequence number 0 323008.
InnoDB: Doing recovery: scanned up to log sequence number 0 323008
110118 11:57:15  InnoDB: Started; log sequence number 0 323008
110118 11:57:16 [Note] mysqld: ready for connections.
Version: '5.0.22-community'  socket: ''  port: 3306  MySQL Community Edition (GPL)
110118 16:07:13  InnoDB: Operating system error number 32 in a file operation.
InnoDB: Some operating system error numbers are described at
InnoDB: http://dev.mysql.com/doc/mysql/en/Operating_System_error_codes.html
InnoDB: File name .\ibdata1
InnoDB: File operation call: 'open'.
InnoDB: Cannot continue operation.
110119 15:01:12 [Note] mysqld: Normal shutdown

110119 15:01:12  InnoDB: Starting shutdown...
110119 15:01:15  InnoDB: Shutdown completed; log sequence number 0 323018
110119 15:01:15 [Note] mysqld: Shutdown complete

InnoDB: The first specified data file .\ibdata1 did not exist:
InnoDB: a new database to be created!
110119 15:05:02  InnoDB: Setting file .\ibdata1 size to 10 MB
InnoDB: Database physically writes the file full: wait...
InnoDB: Error: all log files must be created at the same time.
InnoDB: All log files must be created also in database creation.
InnoDB: If you want bigger or smaller log files, shut down the
InnoDB: database and make sure there were no errors in shutdown.
InnoDB: Then delete the existing log files. Edit the .cnf file
InnoDB: and start the database again.
110119 15:05:04 [Note] mysqld.exe: ready for connections.
Version: '5.0.22-community'  socket: ''  port: 3306  MySQL Community Edition (GPL)
110119 15:06:18 [ERROR] mysqld.exe: Incorrect information in file: '.\buchclub\article.frm'
110119 15:06:18 [ERROR] mysqld.exe: Incorrect information in file: '.\buchclub\article.frm'
110119 15:07:04 [ERROR] mysqld.exe: Incorrect information in file: '.\buchclub\article.frm'
110119 15:07:04 [ERROR] mysqld.exe: Incorrect information in file: '.\buchclub\article.frm'
110119 15:07:11 [ERROR] mysqld.exe: Incorrect information in file: '.\buchclub\member.frm'
110119 15:07:11 [ERROR] mysqld.exe: Incorrect information in file: '.\buchclub\member.frm'
110119 15:11:08  InnoDB: Error: page 45 log sequence number 0 339148
InnoDB: is in the future! Current system log sequence number 0 325585.
InnoDB: Your database may be corrupt or you may have copied the InnoDB
InnoDB: tablespace but not the InnoDB log files. See
http://dev.mysql.com/doc/mysql/en/backing-up.html for more information.
110119 15:11:08  InnoDB: Started; log sequence number 0 325585
110119 15:11:09 [Note] C:\Dokumente und Einstellungen\strot04\Eigene Dateien\Eclipse-Workspace\GIT\Buchclub\mysqlDB\bin\mysqld.exe: ready for connections.
Version: '5.0.22-community'  socket: ''  port: 3306  MySQL Community Edition (GPL)
110119 15:25:33  InnoDB: Operating system error number 32 in a file operation.
InnoDB: Some operating system error numbers are described at
InnoDB: http://dev.mysql.com/doc/mysql/en/Operating_System_error_codes.html
InnoDB: File name .\ibdata1
InnoDB: File operation call: 'open'.
InnoDB: Cannot continue operation.
110119 16:00:09  InnoDB: Operating system error number 32 in a file operation.
InnoDB: Some operating system error numbers are described at
InnoDB: http://dev.mysql.com/doc/mysql/en/Operating_System_error_codes.html
InnoDB: File name .\ibdata1
InnoDB: File operation call: 'open'.
InnoDB: Cannot continue operation.
110119 19:17:55  InnoDB: Error: page 53 log sequence number 0 339080
InnoDB: is in the future! Current system log sequence number 0 325595.
InnoDB: Your database may be corrupt or you may have copied the InnoDB
InnoDB: tablespace but not the InnoDB log files. See
http://dev.mysql.com/doc/mysql/en/backing-up.html for more information.
110119 19:17:55  InnoDB: Error: page 60 log sequence number 0 339095
InnoDB: is in the future! Current system log sequence number 0 325595.
InnoDB: Your database may be corrupt or you may have copied the InnoDB
InnoDB: tablespace but not the InnoDB log files. See
http://dev.mysql.com/doc/mysql/en/backing-up.html for more information.
110119 19:17:55  InnoDB: Error: page 63 log sequence number 0 339110
InnoDB: is in the future! Current system log sequence number 0 325595.
InnoDB: Your database may be corrupt or you may have copied the InnoDB
InnoDB: tablespace but not the InnoDB log files. See
http://dev.mysql.com/doc/mysql/en/backing-up.html for more information.
110119 19:17:55  InnoDB: Error: page 263 log sequence number 0 339126
InnoDB: is in the future! Current system log sequence number 0 325595.
InnoDB: Your database may be corrupt or you may have copied the InnoDB
InnoDB: tablespace but not the InnoDB log files. See
http://dev.mysql.com/doc/mysql/en/backing-up.html for more information.
110119 19:17:55  InnoDB: Error: page 264 log sequence number 0 339142
InnoDB: is in the future! Current system log sequence number 0 325595.
InnoDB: Your database may be corrupt or you may have copied the InnoDB
InnoDB: tablespace but not the InnoDB log files. See
http://dev.mysql.com/doc/mysql/en/backing-up.html for more information.
110120 11:40:55  InnoDB: Database was not shut down normally!
InnoDB: Starting crash recovery.
InnoDB: Reading tablespace information from the .ibd files...
InnoDB: Restoring possible half-written data pages from the doublewrite
InnoDB: buffer...
110120 11:40:55  InnoDB: Starting log scan based on checkpoint at
InnoDB: log sequence number 0 325595.
InnoDB: Doing recovery: scanned up to log sequence number 0 325595
110120 11:40:55  InnoDB: Error: page 45 log sequence number 0 339148
InnoDB: is in the future! Current system log sequence number 0 325595.
InnoDB: Your database may be corrupt or you may have copied the InnoDB
InnoDB: tablespace but not the InnoDB log files. See
http://dev.mysql.com/doc/mysql/en/backing-up.html for more information.
110120 11:40:55  InnoDB: Started; log sequence number 0 325595
110120 11:40:57 [Note] C:\Dokumente und Einstellungen\strot04\Eigene Dateien\Eclipse-Workspace\me.store\mysqlDB\bin\mysqld.exe: ready for connections.
Version: '5.0.22-community'  socket: ''  port: 3306  MySQL Community Edition (GPL)
110120 11:41:05  InnoDB: Error: page 53 log sequence number 0 339080
InnoDB: is in the future! Current system log sequence number 0 325595.
InnoDB: Your database may be corrupt or you may have copied the InnoDB
InnoDB: tablespace but not the InnoDB log files. See
http://dev.mysql.com/doc/mysql/en/backing-up.html for more information.
110120 11:41:05  InnoDB: Error: page 60 log sequence number 0 339095
InnoDB: is in the future! Current system log sequence number 0 325595.
InnoDB: Your database may be corrupt or you may have copied the InnoDB
InnoDB: tablespace but not the InnoDB log files. See
http://dev.mysql.com/doc/mysql/en/backing-up.html for more information.
110120 11:41:05  InnoDB: Error: page 63 log sequence number 0 339110
InnoDB: is in the future! Current system log sequence number 0 325595.
InnoDB: Your database may be corrupt or you may have copied the InnoDB
InnoDB: tablespace but not the InnoDB log files. See
http://dev.mysql.com/doc/mysql/en/backing-up.html for more information.
110120 11:41:05  InnoDB: Error: page 263 log sequence number 0 339126
InnoDB: is in the future! Current system log sequence number 0 325595.
InnoDB: Your database may be corrupt or you may have copied the InnoDB
InnoDB: tablespace but not the InnoDB log files. See
http://dev.mysql.com/doc/mysql/en/backing-up.html for more information.
110120 11:41:05  InnoDB: Error: page 264 log sequence number 0 339142
InnoDB: is in the future! Current system log sequence number 0 325595.
InnoDB: Your database may be corrupt or you may have copied the InnoDB
InnoDB: tablespace but not the InnoDB log files. See
http://dev.mysql.com/doc/mysql/en/backing-up.html for more information.
